{"/Users/lance/Documents/MB/amplify/amplify/backend/function/playground/src/index.js": {"path":"/Users/lance/Documents/MB/amplify/amplify/backend/function/playground/src/index.js","statementMap":{"0":{"start":{"line":4,"column":14},"end":{"line":4,"column":30}},"1":{"start":{"line":5,"column":0},"end":{"line":14,"column":2}},"2":{"start":{"line":6,"column":2},"end":{"line":6,"column":25}},"3":{"start":{"line":7,"column":2},"end":{"line":13,"column":3}},"4":{"start":{"line":9,"column":6},"end":{"line":9,"column":69}},"5":{"start":{"line":11,"column":29},"end":{"line":11,"column":44}},"6":{"start":{"line":12,"column":6},"end":{"line":12,"column":25}}},"fnMap":{"0":{"name":"(anonymous_0)","decl":{"start":{"line":5,"column":18},"end":{"line":5,"column":19}},"loc":{"start":{"line":5,"column":35},"end":{"line":14,"column":1}},"line":5}},"branchMap":{"0":{"loc":{"start":{"line":7,"column":2},"end":{"line":13,"column":3}},"type":"switch","locations":[{"start":{"line":8,"column":4},"end":{"line":9,"column":69}},{"start":{"line":10,"column":4},"end":{"line":12,"column":25}}],"line":7}},"s":{"0":1,"1":1,"2":1,"3":1,"4":1,"5":0,"6":0},"f":{"0":1},"b":{"0":[1,0]},"_coverageSchema":"1a1c01bbd47fc00a2c39e90264f33305004495a9","hash":"4dec9a098c8f45bef09c423e355ea57f5e48596b"}
}
